build/app/intermediates/manifest_merge_blame_file/release/manifest-merger-blame-release-report.txt
1<?xml version="1.0" encoding="utf-8"?>
2<manifest xmlns:android="http://schemas.android.com/apk/res/android"
3    package="com.example.iot_app"
4    android:versionCode="1"
5    android:versionName="1.0.0" >
6
7    <uses-sdk
8        android:minSdkVersion="21"
8-->src\main\AndroidManifest.xml
9        android:targetSdkVersion="31" />
9-->src\main\AndroidManifest.xml
10
11    <uses-permission android:name="android.permission.INTERNET" />
11-->[com.google.firebase:firebase-auth:21.0.6] AndroidManifest.xml:23:5-67
11-->[com.google.firebase:firebase-auth:21.0.6] AndroidManifest.xml:23:22-64
12    <uses-permission android:name="android.permission.ACCESS_NETWORK_STATE" />
12-->[com.google.firebase:firebase-auth:21.0.6] AndroidManifest.xml:24:5-79
12-->[com.google.firebase:firebase-auth:21.0.6] AndroidManifest.xml:24:22-76
13
14    <application
15        android:name="android.app.Application"
15-->src\main\AndroidManifest.xml:5:9-42
16        android:appComponentFactory="androidx.core.app.CoreComponentFactory"
16-->[androidx.core:core:1.6.0] AndroidManifest.xml:24:18-86
17        android:icon="@mipmap/ic_launcher"
17-->src\main\AndroidManifest.xml:6:9-43
18        android:label="iot_app" >
18-->src\main\AndroidManifest.xml:4:9-32
19        <activity
19-->src\main\AndroidManifest.xml:7:9-27:20
20            android:name="com.example.iot_app.MainActivity"
20-->src\main\AndroidManifest.xml:8:13-41
21            android:configChanges="orientation|keyboardHidden|keyboard|screenSize|smallestScreenSize|locale|layoutDirection|fontScale|screenLayout|density|uiMode"
21-->src\main\AndroidManifest.xml:12:13-163
22            android:exported="true"
22-->src\main\AndroidManifest.xml:9:13-36
23            android:hardwareAccelerated="true"
23-->src\main\AndroidManifest.xml:13:13-47
24            android:launchMode="singleTop"
24-->src\main\AndroidManifest.xml:10:13-43
25            android:theme="@style/LaunchTheme"
25-->src\main\AndroidManifest.xml:11:13-47
26            android:windowSoftInputMode="adjustResize" >
26-->src\main\AndroidManifest.xml:14:13-55
27
28            <!--
29                 Specifies an Android theme to apply to this Activity as soon as
30                 the Android process has started. This theme is visible to the user
31                 while the Flutter UI initializes. After that, this theme continues
32                 to determine the Window background behind the Flutter UI.
33            -->
34            <meta-data
34-->src\main\AndroidManifest.xml:19:13-22:17
35                android:name="io.flutter.embedding.android.NormalTheme"
35-->src\main\AndroidManifest.xml:20:15-70
36                android:resource="@style/NormalTheme" />
36-->src\main\AndroidManifest.xml:21:15-52
37
38            <intent-filter>
38-->src\main\AndroidManifest.xml:23:13-26:29
39                <action android:name="android.intent.action.MAIN" />
39-->src\main\AndroidManifest.xml:24:17-68
39-->src\main\AndroidManifest.xml:24:25-66
40
41                <category android:name="android.intent.category.LAUNCHER" />
41-->src\main\AndroidManifest.xml:25:17-76
41-->src\main\AndroidManifest.xml:25:27-74
42            </intent-filter>
43        </activity>
44        <!--
45             Don't delete the meta-data below.
46             This is used by the Flutter tool to generate GeneratedPluginRegistrant.java
47        -->
48        <meta-data
48-->src\main\AndroidManifest.xml:30:9-32:33
49            android:name="flutterEmbedding"
49-->src\main\AndroidManifest.xml:31:13-44
50            android:value="2" />
50-->src\main\AndroidManifest.xml:32:13-30
51
52        <service
52-->[:firebase_auth] AndroidManifest.xml:10:9-14:19
53            android:name="com.google.firebase.components.ComponentDiscoveryService"
53-->[:firebase_auth] AndroidManifest.xml:10:18-89
54            android:directBootAware="true"
54-->[com.google.firebase:firebase-common:20.1.1] AndroidManifest.xml:35:13-43
55            android:exported="false" >
55-->[com.google.firebase:firebase-auth:21.0.6] AndroidManifest.xml:66:13-37
56            <meta-data
56-->[:firebase_auth] AndroidManifest.xml:11:13-13:85
57                android:name="com.google.firebase.components:io.flutter.plugins.firebase.auth.FlutterFirebaseAuthRegistrar"
57-->[:firebase_auth] AndroidManifest.xml:12:17-124
58                android:value="com.google.firebase.components.ComponentRegistrar" />
58-->[:firebase_auth] AndroidManifest.xml:13:17-82
59            <meta-data
59-->[:firebase_database] AndroidManifest.xml:11:13-13:85
60                android:name="com.google.firebase.components:io.flutter.plugins.firebase.database.FlutterFirebaseAppRegistrar"
60-->[:firebase_database] AndroidManifest.xml:12:17-127
61                android:value="com.google.firebase.components.ComponentRegistrar" />
61-->[:firebase_database] AndroidManifest.xml:13:17-82
62            <meta-data
62-->[:cloud_firestore] AndroidManifest.xml:11:13-13:85
63                android:name="com.google.firebase.components:io.flutter.plugins.firebase.firestore.FlutterFirebaseFirestoreRegistrar"
63-->[:cloud_firestore] AndroidManifest.xml:12:17-134
64                android:value="com.google.firebase.components.ComponentRegistrar" />
64-->[:cloud_firestore] AndroidManifest.xml:13:17-82
65            <meta-data
65-->[:firebase_core] AndroidManifest.xml:11:13-13:85
66                android:name="com.google.firebase.components:io.flutter.plugins.firebase.core.FlutterFirebaseCoreRegistrar"
66-->[:firebase_core] AndroidManifest.xml:12:17-124
67                android:value="com.google.firebase.components.ComponentRegistrar" />
67-->[:firebase_core] AndroidManifest.xml:13:17-82
68            <meta-data
68-->[com.google.firebase:firebase-auth:21.0.6] AndroidManifest.xml:67:13-69:85
69                android:name="com.google.firebase.components:com.google.firebase.auth.FirebaseAuthRegistrar"
69-->[com.google.firebase:firebase-auth:21.0.6] AndroidManifest.xml:68:17-109
70                android:value="com.google.firebase.components.ComponentRegistrar" />
70-->[com.google.firebase:firebase-auth:21.0.6] AndroidManifest.xml:69:17-82
71            <meta-data
71-->[com.google.firebase:firebase-firestore:24.2.1] AndroidManifest.xml:20:13-22:85
72                android:name="com.google.firebase.components:com.google.firebase.firestore.FirestoreRegistrar"
72-->[com.google.firebase:firebase-firestore:24.2.1] AndroidManifest.xml:21:17-111
73                android:value="com.google.firebase.components.ComponentRegistrar" />
73-->[com.google.firebase:firebase-firestore:24.2.1] AndroidManifest.xml:22:17-82
74            <meta-data
74-->[com.google.firebase:firebase-database:20.0.5] AndroidManifest.xml:32:13-34:85
75                android:name="com.google.firebase.components:com.google.firebase.database.DatabaseRegistrar"
75-->[com.google.firebase:firebase-database:20.0.5] AndroidManifest.xml:33:17-109
76                android:value="com.google.firebase.components.ComponentRegistrar" />
76-->[com.google.firebase:firebase-database:20.0.5] AndroidManifest.xml:34:17-82
77        </service>
78
79        <activity
79-->[com.google.firebase:firebase-auth:21.0.6] AndroidManifest.xml:27:9-44:20
80            android:name="com.google.firebase.auth.internal.GenericIdpActivity"
80-->[com.google.firebase:firebase-auth:21.0.6] AndroidManifest.xml:28:13-80
81            android:excludeFromRecents="true"
81-->[com.google.firebase:firebase-auth:21.0.6] AndroidManifest.xml:29:13-46
82            android:exported="true"
82-->[com.google.firebase:firebase-auth:21.0.6] AndroidManifest.xml:30:13-36
83            android:launchMode="singleTask"
83-->[com.google.firebase:firebase-auth:21.0.6] AndroidManifest.xml:31:13-44
84            android:theme="@android:style/Theme.Translucent.NoTitleBar" >
84-->[com.google.firebase:firebase-auth:21.0.6] AndroidManifest.xml:32:13-72
85            <intent-filter>
85-->[com.google.firebase:firebase-auth:21.0.6] AndroidManifest.xml:33:13-43:29
86                <action android:name="android.intent.action.VIEW" />
86-->[com.google.firebase:firebase-auth:21.0.6] AndroidManifest.xml:34:17-69
86-->[com.google.firebase:firebase-auth:21.0.6] AndroidManifest.xml:34:25-66
87
88                <category android:name="android.intent.category.DEFAULT" />
88-->[com.google.firebase:firebase-auth:21.0.6] AndroidManifest.xml:36:17-76
88-->[com.google.firebase:firebase-auth:21.0.6] AndroidManifest.xml:36:27-73
89                <category android:name="android.intent.category.BROWSABLE" />
89-->[com.google.firebase:firebase-auth:21.0.6] AndroidManifest.xml:37:17-78
89-->[com.google.firebase:firebase-auth:21.0.6] AndroidManifest.xml:37:27-75
90
91                <data
91-->[com.google.firebase:firebase-auth:21.0.6] AndroidManifest.xml:39:17-42:51
92                    android:host="firebase.auth"
92-->[com.google.firebase:firebase-auth:21.0.6] AndroidManifest.xml:40:21-49
93                    android:path="/"
93-->[com.google.firebase:firebase-auth:21.0.6] AndroidManifest.xml:41:21-37
94                    android:scheme="genericidp" />
94-->[com.google.firebase:firebase-auth:21.0.6] AndroidManifest.xml:42:21-48
95            </intent-filter>
96        </activity>
97        <activity
97-->[com.google.firebase:firebase-auth:21.0.6] AndroidManifest.xml:45:9-62:20
98            android:name="com.google.firebase.auth.internal.RecaptchaActivity"
98-->[com.google.firebase:firebase-auth:21.0.6] AndroidManifest.xml:46:13-79
99            android:excludeFromRecents="true"
99-->[com.google.firebase:firebase-auth:21.0.6] AndroidManifest.xml:47:13-46
100            android:exported="true"
100-->[com.google.firebase:firebase-auth:21.0.6] AndroidManifest.xml:48:13-36
101            android:launchMode="singleTask"
101-->[com.google.firebase:firebase-auth:21.0.6] AndroidManifest.xml:49:13-44
102            android:theme="@android:style/Theme.Translucent.NoTitleBar" >
102-->[com.google.firebase:firebase-auth:21.0.6] AndroidManifest.xml:50:13-72
103            <intent-filter>
103-->[com.google.firebase:firebase-auth:21.0.6] AndroidManifest.xml:51:13-61:29
104                <action android:name="android.intent.action.VIEW" />
104-->[com.google.firebase:firebase-auth:21.0.6] AndroidManifest.xml:34:17-69
104-->[com.google.firebase:firebase-auth:21.0.6] AndroidManifest.xml:34:25-66
105
106                <category android:name="android.intent.category.DEFAULT" />
106-->[com.google.firebase:firebase-auth:21.0.6] AndroidManifest.xml:36:17-76
106-->[com.google.firebase:firebase-auth:21.0.6] AndroidManifest.xml:36:27-73
107                <category android:name="android.intent.category.BROWSABLE" />
107-->[com.google.firebase:firebase-auth:21.0.6] AndroidManifest.xml:37:17-78
107-->[com.google.firebase:firebase-auth:21.0.6] AndroidManifest.xml:37:27-75
108
109                <data
109-->[com.google.firebase:firebase-auth:21.0.6] AndroidManifest.xml:39:17-42:51
110                    android:host="firebase.auth"
110-->[com.google.firebase:firebase-auth:21.0.6] AndroidManifest.xml:40:21-49
111                    android:path="/"
111-->[com.google.firebase:firebase-auth:21.0.6] AndroidManifest.xml:41:21-37
112                    android:scheme="recaptcha" />
112-->[com.google.firebase:firebase-auth:21.0.6] AndroidManifest.xml:42:21-48
113            </intent-filter>
114        </activity>
115
116        <provider
116-->[com.google.firebase:firebase-common:20.1.1] AndroidManifest.xml:26:9-31:39
117            android:name="com.google.firebase.provider.FirebaseInitProvider"
117-->[com.google.firebase:firebase-common:20.1.1] AndroidManifest.xml:27:13-77
118            android:authorities="com.example.iot_app.firebaseinitprovider"
118-->[com.google.firebase:firebase-common:20.1.1] AndroidManifest.xml:28:13-72
119            android:directBootAware="true"
119-->[com.google.firebase:firebase-common:20.1.1] AndroidManifest.xml:29:13-43
120            android:exported="false"
120-->[com.google.firebase:firebase-common:20.1.1] AndroidManifest.xml:30:13-37
121            android:initOrder="100" />
121-->[com.google.firebase:firebase-common:20.1.1] AndroidManifest.xml:31:13-36
122
123        <activity
123-->[com.google.android.gms:play-services-base:18.0.1] AndroidManifest.xml:20:9-22:45
124            android:name="com.google.android.gms.common.api.GoogleApiActivity"
124-->[com.google.android.gms:play-services-base:18.0.1] AndroidManifest.xml:20:19-85
125            android:exported="false"
125-->[com.google.android.gms:play-services-base:18.0.1] AndroidManifest.xml:22:19-43
126            android:theme="@android:style/Theme.Translucent.NoTitleBar" />
126-->[com.google.android.gms:play-services-base:18.0.1] AndroidManifest.xml:21:19-78
127
128        <meta-data
128-->[com.google.android.gms:play-services-basement:18.0.0] AndroidManifest.xml:21:9-23:69
129            android:name="com.google.android.gms.version"
129-->[com.google.android.gms:play-services-basement:18.0.0] AndroidManifest.xml:22:13-58
130            android:value="@integer/google_play_services_version" />
130-->[com.google.android.gms:play-services-basement:18.0.0] AndroidManifest.xml:23:13-66
131
132        <uses-library
132-->[androidx.window:window:1.0.0-beta04] AndroidManifest.xml:25:9-27:40
133            android:name="androidx.window.extensions"
133-->[androidx.window:window:1.0.0-beta04] AndroidManifest.xml:26:13-54
134            android:required="false" />
134-->[androidx.window:window:1.0.0-beta04] AndroidManifest.xml:27:13-37
135        <uses-library
135-->[androidx.window:window:1.0.0-beta04] AndroidManifest.xml:28:9-30:40
136            android:name="androidx.window.sidecar"
136-->[androidx.window:window:1.0.0-beta04] AndroidManifest.xml:29:13-51
137            android:required="false" />
137-->[androidx.window:window:1.0.0-beta04] AndroidManifest.xml:30:13-37
138    </application>
139
140</manifest>